Using pre-set license
Built from '2020.3/staging' branch; Version is '2020.3.25f1 (9b9180224418) revision 10195328'; Using compiler version '192528614'; Build Type 'Release'
OS: 'Windows 10  (10.0.19044) 64bit ProfessionalWorkstation' Language: 'es' Physical Memory: 8079 MB
BatchMode: 1, IsHumanControllingUs: 0, StartBugReporterOnCrash: 0, Is64bit: 1, IsPro: 0

COMMAND LINE ARGUMENTS:
C:\Program Files\Unity\Hub\Editor\2020.3.25f1\Editor\Unity.exe
-adb2
-batchMode
-noUpm
-name
AssetImportWorker1
-projectPath
C:/Users/Luca/Documents/GitHub/Modelos-Algoritmos-Motores-1/Only Road
-logFile
Logs/AssetImportWorker1.log
-srvPort
52061
Successfully changed project path to: C:/Users/Luca/Documents/GitHub/Modelos-Algoritmos-Motores-1/Only Road
C:/Users/Luca/Documents/GitHub/Modelos-Algoritmos-Motores-1/Only Road
Using Asset Import Pipeline V2.
Refreshing native plugins compatible for Editor in 52.24 ms, found 2 plugins.
Preloading 0 native plugins for Editor in 0.00 ms.
Initialize engine version: 2020.3.25f1 (9b9180224418)
[Subsystems] Discovering subsystems at path C:/Program Files/Unity/Hub/Editor/2020.3.25f1/Editor/Data/Resources/UnitySubsystems
[Subsystems] Discovering subsystems at path C:/Users/Luca/Documents/GitHub/Modelos-Algoritmos-Motores-1/Only Road/Assets
GfxDevice: creating device client; threaded=0
Direct3D:
    Version:  Direct3D 11.0 [level 11.1]
    Renderer: NVIDIA GeForce GTX 960 (ID=0x1401)
    Vendor:   
    VRAM:     4053 MB
    Driver:   30.0.15.1215
Initialize mono
Mono path[0] = 'C:/Program Files/Unity/Hub/Editor/2020.3.25f1/Editor/Data/Managed'
Mono path[1] = 'C:/Program Files/Unity/Hub/Editor/2020.3.25f1/Editor/Data/MonoBleedingEdge/lib/mono/unityjit'
Mono config path = 'C:/Program Files/Unity/Hub/Editor/2020.3.25f1/Editor/Data/MonoBleedingEdge/etc'
Using monoOptions --debugger-agent=transport=dt_socket,embedding=1,server=y,suspend=n,address=127.0.0.1:56652
Begin MonoManager ReloadAssembly
Registering precompiled unity dll's ...
Register platform support module: C:/Program Files/Unity/Hub/Editor/2020.3.25f1/Editor/Data/PlaybackEngines/WindowsStandaloneSupport/UnityEditor.WindowsStandalone.Extensions.dll
Registered in 0.008011 seconds.
Native extension for WindowsStandalone target not found
Refreshing native plugins compatible for Editor in 57.73 ms, found 2 plugins.
Preloading 0 native plugins for Editor in 0.00 ms.
Mono: successfully reloaded assembly
- Completed reload, in  0.886 seconds
Domain Reload Profiling:
	ReloadAssembly (886ms)
		BeginReloadAssembly (107ms)
			ExecutionOrderSort (0ms)
			DisableScriptedObjects (0ms)
			BackupInstance (0ms)
			ReleaseScriptingObjects (0ms)
			CreateAndSetChildDomain (1ms)
		EndReloadAssembly (636ms)
			LoadAssemblies (104ms)
			RebuildTransferFunctionScriptingTraits (0ms)
			SetupTypeCache (200ms)
			ReleaseScriptCaches (0ms)
			RebuildScriptCaches (45ms)
			SetupLoadedEditorAssemblies (251ms)
				LogAssemblyErrors (0ms)
				InitializePlatformSupportModulesInManaged (6ms)
				SetLoadedEditorAssemblies (0ms)
				RefreshPlugins (58ms)
				BeforeProcessingInitializeOnLoad (24ms)
				ProcessInitializeOnLoadAttributes (118ms)
				ProcessInitializeOnLoadMethodAttributes (44ms)
				AfterProcessingInitializeOnLoad (0ms)
				EditorAssembliesLoaded (0ms)
			ExecutionOrderSort2 (0ms)
			AwakeInstancesAfterBackupRestoration (0ms)
Platform modules already initialized, skipping
Registering precompiled user dll's ...
Registered in 0.006321 seconds.
Begin MonoManager ReloadAssembly
Native extension for WindowsStandalone target not found
Refreshing native plugins compatible for Editor in 0.50 ms, found 2 plugins.
Preloading 0 native plugins for Editor in 0.00 ms.
Mono: successfully reloaded assembly
- Completed reload, in  1.577 seconds
Domain Reload Profiling:
	ReloadAssembly (1579ms)
		BeginReloadAssembly (204ms)
			ExecutionOrderSort (0ms)
			DisableScriptedObjects (10ms)
			BackupInstance (0ms)
			ReleaseScriptingObjects (0ms)
			CreateAndSetChildDomain (27ms)
		EndReloadAssembly (1283ms)
			LoadAssemblies (123ms)
			RebuildTransferFunctionScriptingTraits (0ms)
			SetupTypeCache (419ms)
			ReleaseScriptCaches (1ms)
			RebuildScriptCaches (96ms)
			SetupLoadedEditorAssemblies (503ms)
				LogAssemblyErrors (0ms)
				InitializePlatformSupportModulesInManaged (6ms)
				SetLoadedEditorAssemblies (1ms)
				RefreshPlugins (1ms)
				BeforeProcessingInitializeOnLoad (132ms)
				ProcessInitializeOnLoadAttributes (342ms)
				ProcessInitializeOnLoadMethodAttributes (14ms)
				AfterProcessingInitializeOnLoad (8ms)
				EditorAssembliesLoaded (0ms)
			ExecutionOrderSort2 (0ms)
			AwakeInstancesAfterBackupRestoration (9ms)
Platform modules already initialized, skipping
========================================================================
Worker process is ready to serve import requests
Launched and connected shader compiler UnityShaderCompiler.exe after 0.05 seconds
Refreshing native plugins compatible for Editor in 0.48 ms, found 2 plugins.
Preloading 0 native plugins for Editor in 0.00 ms.
Unloading 2047 Unused Serialized files (Serialized files now loaded: 0)
System memory in use before: 92.4 MB.
System memory in use after: 92.5 MB.

Unloading 21 unused Assets to reduce memory usage. Loaded Objects now: 2483.
Total: 4.052200 ms (FindLiveObjects: 0.206600 ms CreateObjectMapping: 0.098700 ms MarkObjects: 3.583700 ms  DeleteObjects: 0.161900 ms)

AssetImportParameters requested are different than current active one (requested -> active):
  custom:framework-win-MediaFoundation: 216162199b28c13a410421893ffa2e32 -> 
  custom:video-decoder-ogg-theora: a1e56fd34408186e4bbccfd4996cb3dc -> 
  custom:container-muxer-webm: aa71ff27fc2769a1b78a27578f13a17b -> 
  custom:container-demuxer-webm: 4f35f7cbe854078d1ac9338744f61a02 -> 
  custom:container-demuxer-ogg: 62fdf1f143b41e24485cea50d1cbac27 -> 
  custom:video-encoder-webm-vp8: eb34c28f22e8b96e1ab97ce403110664 -> 
  custom:video-decoder-webm-vp8: 9c59270c3fd7afecdb556c50c9e8de78 -> 
  custom:audio-decoder-ogg-vorbis: bf7c407c2cedff20999df2af8eb42d56 -> 
  custom:audio-encoder-webm-vorbis: bf7c407c2cedff20999df2af8eb42d56 -> 
========================================================================
Received Import Request.
  path: Assets/Canvas/Fonts/PixelFont.ttf
  artifactKey: Guid(903fac9576404be4b8a06150b2d428e7) Importer(815301076,1909f56bfc062723c751e8b465ee728b)
Start importing Assets/Canvas/Fonts/PixelFont.ttf using Guid(903fac9576404be4b8a06150b2d428e7) Importer(815301076,1909f56bfc062723c751e8b465ee728b)  -> (artifact id: 'aa7e71ec6dcb15f3df77ce8e9d63896c') in 0.173009 seconds 
  Import took 0.177493 seconds .

========================================================================
Received Import Request.
  Time since last request: 0.000248 seconds.
  path: Assets/Canvas/Fonts/PixelFont SDF.asset
  artifactKey: Guid(aa10e46ebc3ff134ba14c1da2e30ebd2) Importer(815301076,1909f56bfc062723c751e8b465ee728b)
Start importing Assets/Canvas/Fonts/PixelFont SDF.asset using Guid(aa10e46ebc3ff134ba14c1da2e30ebd2) Importer(815301076,1909f56bfc062723c751e8b465ee728b)  -> (artifact id: '23a3cc0a6a29c18904483a31e4d54289') in 0.080232 seconds 
  Import took 0.084990 seconds .

========================================================================
Received Import Request.
  Time since last request: 17.302605 seconds.
  path: Assets/Canvas/Buttons/Boton Start.png
  artifactKey: Guid(c711693734c70c84d93e62c357c175f2) Importer(815301076,1909f56bfc062723c751e8b465ee728b)
Start importing Assets/Canvas/Buttons/Boton Start.png using Guid(c711693734c70c84d93e62c357c175f2) Importer(815301076,1909f56bfc062723c751e8b465ee728b)  -> (artifact id: 'a40e5af070205441b13b2a32f78aa264') in 0.060693 seconds 
  Import took 0.068047 seconds .

========================================================================
Received Import Request.
  Time since last request: 0.000201 seconds.
  path: Assets/Canvas/Buttons/Boton64X64LOW.png
  artifactKey: Guid(e45f616fa1ec20d4e8dc6963e7782d34) Importer(815301076,1909f56bfc062723c751e8b465ee728b)
Start importing Assets/Canvas/Buttons/Boton64X64LOW.png using Guid(e45f616fa1ec20d4e8dc6963e7782d34) Importer(815301076,1909f56bfc062723c751e8b465ee728b)  -> (artifact id: 'ca6c97434b7c79164d1603a05479a73d') in 0.035061 seconds 
  Import took 0.039125 seconds .

========================================================================
Received Import Request.
  Time since last request: 0.000190 seconds.
  path: Assets/Canvas/Buttons/Boton_Siguiente.png
  artifactKey: Guid(ba0367eeaed04bb418b177063a51164e) Importer(815301076,1909f56bfc062723c751e8b465ee728b)
Start importing Assets/Canvas/Buttons/Boton_Siguiente.png using Guid(ba0367eeaed04bb418b177063a51164e) Importer(815301076,1909f56bfc062723c751e8b465ee728b)  -> (artifact id: '294e5a98b6af75888ff8cc429bcd7aa1') in 0.038333 seconds 
  Import took 0.042716 seconds .

========================================================================
Received Import Request.
  Time since last request: 0.000201 seconds.
  path: Assets/Canvas/Buttons/Button Sound On.png
  artifactKey: Guid(5cb5c66d78d1d814aba52124093214b4) Importer(815301076,1909f56bfc062723c751e8b465ee728b)
Start importing Assets/Canvas/Buttons/Button Sound On.png using Guid(5cb5c66d78d1d814aba52124093214b4) Importer(815301076,1909f56bfc062723c751e8b465ee728b)  -> (artifact id: '98b225c9633dd0b36138458d17209523') in 0.031778 seconds 
  Import took 0.036713 seconds .

========================================================================
Received Import Request.
  Time since last request: 0.000207 seconds.
  path: Assets/Canvas/Buttons/Boton_Anterior.png
  artifactKey: Guid(c67f39bfd25b0114aa23782d77db3591) Importer(815301076,1909f56bfc062723c751e8b465ee728b)
Start importing Assets/Canvas/Buttons/Boton_Anterior.png using Guid(c67f39bfd25b0114aa23782d77db3591) Importer(815301076,1909f56bfc062723c751e8b465ee728b)  -> (artifact id: 'af5aa29ea9c1ac4e4afde515a04d53d1') in 0.028860 seconds 
  Import took 0.034695 seconds .

========================================================================
Received Import Request.
  Time since last request: 0.000210 seconds.
  path: Assets/Canvas/Buttons/Button Sound Off.png
  artifactKey: Guid(eef45ee9d71a10e40bbd0ce9a70378c0) Importer(815301076,1909f56bfc062723c751e8b465ee728b)
Start importing Assets/Canvas/Buttons/Button Sound Off.png using Guid(eef45ee9d71a10e40bbd0ce9a70378c0) Importer(815301076,1909f56bfc062723c751e8b465ee728b)  -> (artifact id: '3ed6c7b0e014c32e0d7869fe79af8954') in 0.034686 seconds 
  Import took 0.046572 seconds .

========================================================================
Received Import Request.
  Time since last request: 0.000205 seconds.
  path: Assets/Canvas/Buttons/Boton64X64.png
  artifactKey: Guid(f9d27579821940641b16de1bc01a955c) Importer(815301076,1909f56bfc062723c751e8b465ee728b)
Start importing Assets/Canvas/Buttons/Boton64X64.png using Guid(f9d27579821940641b16de1bc01a955c) Importer(815301076,1909f56bfc062723c751e8b465ee728b)  -> (artifact id: '1ed4beee98b1fa6e5a7f2b08734ee620') in 0.048351 seconds 
  Import took 0.055403 seconds .

========================================================================
Received Import Request.
  Time since last request: 0.000277 seconds.
  path: Assets/Canvas/Buttons/BTNSheet.png
  artifactKey: Guid(c1fbfe7e56e8adc438fddab643063aa6) Importer(815301076,1909f56bfc062723c751e8b465ee728b)
Start importing Assets/Canvas/Buttons/BTNSheet.png using Guid(c1fbfe7e56e8adc438fddab643063aa6) Importer(815301076,1909f56bfc062723c751e8b465ee728b)  -> (artifact id: '66871d5f4ba5c5e2445d7bb74e7920dc') in 0.031485 seconds 
  Import took 0.037586 seconds .

========================================================================
Received Import Request.
  Time since last request: 0.000265 seconds.
  path: Assets/Canvas/Buttons/botoncofre.png
  artifactKey: Guid(386c4e501b7db4c4c85845ad0dba8113) Importer(815301076,1909f56bfc062723c751e8b465ee728b)
Start importing Assets/Canvas/Buttons/botoncofre.png using Guid(386c4e501b7db4c4c85845ad0dba8113) Importer(815301076,1909f56bfc062723c751e8b465ee728b)  -> (artifact id: '8e197c1b3686880eb0c2deef33c8166e') in 0.031108 seconds 
  Import took 0.038379 seconds .

========================================================================
Received Import Request.
  Time since last request: 0.000217 seconds.
  path: Assets/Canvas/Buttons/BTNTest.png
  artifactKey: Guid(4afb06a214237e640acbd4e87550eec7) Importer(815301076,1909f56bfc062723c751e8b465ee728b)
Start importing Assets/Canvas/Buttons/BTNTest.png using Guid(4afb06a214237e640acbd4e87550eec7) Importer(815301076,1909f56bfc062723c751e8b465ee728b)  -> (artifact id: 'd574c3d5bf67ffbe86abca96807e61ee') in 0.030133 seconds 
  Import took 0.036915 seconds .

========================================================================
Received Import Request.
  Time since last request: 0.283729 seconds.
  path: Assets/Canvas/Buttons/Button-sheet.png
  artifactKey: Guid(f43519225cca97e47bfee950fc7b0583) Importer(815301076,1909f56bfc062723c751e8b465ee728b)
Start importing Assets/Canvas/Buttons/Button-sheet.png using Guid(f43519225cca97e47bfee950fc7b0583) Importer(815301076,1909f56bfc062723c751e8b465ee728b)  -> (artifact id: '6bb8868b95e9721fa6ecf8718a646c32') in 0.044175 seconds 
  Import took 0.049202 seconds .

========================================================================
Received Import Request.
  Time since last request: 0.000232 seconds.
  path: Assets/Canvas/Buttons/ButtonEn.png
  artifactKey: Guid(058f636514c6a294695761df19c1745c) Importer(815301076,1909f56bfc062723c751e8b465ee728b)
Start importing Assets/Canvas/Buttons/ButtonEn.png using Guid(058f636514c6a294695761df19c1745c) Importer(815301076,1909f56bfc062723c751e8b465ee728b)  -> (artifact id: '4d9b8e80589999dabbf3e339badf30a2') in 0.027073 seconds 
  Import took 0.037196 seconds .

========================================================================
Received Import Request.
  Time since last request: 0.000234 seconds.
  path: Assets/Canvas/Buttons/ButtonES.png
  artifactKey: Guid(1286c7157ad180343aed99a99823dbd9) Importer(815301076,1909f56bfc062723c751e8b465ee728b)
Start importing Assets/Canvas/Buttons/ButtonES.png using Guid(1286c7157ad180343aed99a99823dbd9) Importer(815301076,1909f56bfc062723c751e8b465ee728b)  -> (artifact id: '6853d7ce7bcce351756ce6de09fb1c48') in 0.024893 seconds 
  Import took 0.030881 seconds .

========================================================================
Received Import Request.
  Time since last request: 0.000202 seconds.
  path: Assets/Canvas/Buttons/ButtonHelp-export.png
  artifactKey: Guid(2391ae2d000c1a548986646617efe3d6) Importer(815301076,1909f56bfc062723c751e8b465ee728b)
Start importing Assets/Canvas/Buttons/ButtonHelp-export.png using Guid(2391ae2d000c1a548986646617efe3d6) Importer(815301076,1909f56bfc062723c751e8b465ee728b)  -> (artifact id: 'f31dbb768996ffdf3aeb6ebc0700fe31') in 0.026597 seconds 
  Import took 0.031601 seconds .

========================================================================
Received Import Request.
  Time since last request: 0.000382 seconds.
  path: Assets/Canvas/Buttons/ButtonCredits-sheet.png
  artifactKey: Guid(567b95a52a254454faa39d7cbccd63ec) Importer(815301076,1909f56bfc062723c751e8b465ee728b)
Start importing Assets/Canvas/Buttons/ButtonCredits-sheet.png using Guid(567b95a52a254454faa39d7cbccd63ec) Importer(815301076,1909f56bfc062723c751e8b465ee728b)  -> (artifact id: 'b1e3eda530cce04bd3f0034b562c421f') in 0.032507 seconds 
  Import took 0.053762 seconds .

========================================================================
Received Import Request.
  Time since last request: 0.002852 seconds.
  path: Assets/Canvas/Buttons/Button.png
  artifactKey: Guid(0dd796cc0456669439e8137e0f010ad7) Importer(815301076,1909f56bfc062723c751e8b465ee728b)
Start importing Assets/Canvas/Buttons/Button.png using Guid(0dd796cc0456669439e8137e0f010ad7) Importer(815301076,1909f56bfc062723c751e8b465ee728b)  -> (artifact id: '2ef79d70a3b2a5714dfb269a007b914f') in 0.051917 seconds 
  Import took 0.088213 seconds .

========================================================================
Received Import Request.
  Time since last request: 0.180971 seconds.
  path: Assets/Canvas/Buttons/ButtonMisions 1.png
  artifactKey: Guid(5383729c73ad09948a05e741d18c06af) Importer(815301076,1909f56bfc062723c751e8b465ee728b)
Start importing Assets/Canvas/Buttons/ButtonMisions 1.png using Guid(5383729c73ad09948a05e741d18c06af) Importer(815301076,1909f56bfc062723c751e8b465ee728b)  -> (artifact id: 'd60488ff1bfd4648eefb433145b21cf8') in 0.026532 seconds 
  Import took 0.031985 seconds .

========================================================================
Received Import Request.
  Time since last request: 0.000250 seconds.
  path: Assets/Canvas/Buttons/ButtonMisions.png
  artifactKey: Guid(ef9400798232e6645a921aaf4bd6fbf8) Importer(815301076,1909f56bfc062723c751e8b465ee728b)
Start importing Assets/Canvas/Buttons/ButtonMisions.png using Guid(ef9400798232e6645a921aaf4bd6fbf8) Importer(815301076,1909f56bfc062723c751e8b465ee728b)  -> (artifact id: '8be33080d5a25c03df3cfee1cdf2598a') in 0.038015 seconds 
  Import took 0.077107 seconds .

========================================================================
Received Import Request.
  Time since last request: 0.000527 seconds.
  path: Assets/Canvas/Buttons/ButtonPosiciones.png
  artifactKey: Guid(89b98c81b4035ba4aba48ec1fc18fd24) Importer(815301076,1909f56bfc062723c751e8b465ee728b)
Start importing Assets/Canvas/Buttons/ButtonPosiciones.png using Guid(89b98c81b4035ba4aba48ec1fc18fd24) Importer(815301076,1909f56bfc062723c751e8b465ee728b)  -> (artifact id: 'eee0ea107446eb991c71b09d3f0fcb1f') in 0.050933 seconds 
  Import took 0.077620 seconds .

========================================================================
Received Import Request.
  Time since last request: 14.208121 seconds.
  path: Assets/Canvas/Buttons/Menu Challenges-export-sheet.png
  artifactKey: Guid(c0050655cf521464d9752443f96183e7) Importer(815301076,1909f56bfc062723c751e8b465ee728b)
Start importing Assets/Canvas/Buttons/Menu Challenges-export-sheet.png using Guid(c0050655cf521464d9752443f96183e7) Importer(815301076,1909f56bfc062723c751e8b465ee728b)  -> (artifact id: 'cf3e9051492a21cf32dd4bc9bbe6962f') in 0.044374 seconds 
  Import took 0.051506 seconds .

========================================================================
Received Import Request.
  Time since last request: 0.000270 seconds.
  path: Assets/Canvas/Buttons/Menu_fondo2..png
  artifactKey: Guid(67dd3d0507d73f145870643cde739c59) Importer(815301076,1909f56bfc062723c751e8b465ee728b)
Start importing Assets/Canvas/Buttons/Menu_fondo2..png using Guid(67dd3d0507d73f145870643cde739c59) Importer(815301076,1909f56bfc062723c751e8b465ee728b)  -> (artifact id: '7b28ca1ea02fcec77b58d07351e3a06c') in 0.044942 seconds 
  Import took 0.073159 seconds .

========================================================================
Received Import Request.
  Time since last request: 0.000208 seconds.
  path: Assets/Canvas/Buttons/PowerUpBar.png
  artifactKey: Guid(819552e2fa71c8f40b5686b97804a81d) Importer(815301076,1909f56bfc062723c751e8b465ee728b)
Start importing Assets/Canvas/Buttons/PowerUpBar.png using Guid(819552e2fa71c8f40b5686b97804a81d) Importer(815301076,1909f56bfc062723c751e8b465ee728b)  -> (artifact id: 'd6db61a05b0a49ce6de97d3e6fc87fec') in 0.039914 seconds 
  Import took 0.046007 seconds .

========================================================================
Received Import Request.
  Time since last request: 0.000265 seconds.
  path: Assets/Canvas/Buttons/Menu Misiones-export.png
  artifactKey: Guid(be0ab9bb45061da43b7b7d3b9534f369) Importer(815301076,1909f56bfc062723c751e8b465ee728b)
Start importing Assets/Canvas/Buttons/Menu Misiones-export.png using Guid(be0ab9bb45061da43b7b7d3b9534f369) Importer(815301076,1909f56bfc062723c751e8b465ee728b)  -> (artifact id: '251e2c2d0f43a9f55f9ac064d6325f10') in 0.049563 seconds 
  Import took 0.058635 seconds .

========================================================================
Received Import Request.
  Time since last request: 0.000431 seconds.
  path: Assets/Canvas/Buttons/Menu_fondo..png
  artifactKey: Guid(216ea3e53b144ca4894b2661a4c45c0e) Importer(815301076,1909f56bfc062723c751e8b465ee728b)
Start importing Assets/Canvas/Buttons/Menu_fondo..png using Guid(216ea3e53b144ca4894b2661a4c45c0e) Importer(815301076,1909f56bfc062723c751e8b465ee728b)  -> (artifact id: '1c8d6245a597244f5b8fe3df9485db85') in 0.033241 seconds 
  Import took 0.040710 seconds .

========================================================================
Received Import Request.
  Time since last request: 0.000199 seconds.
  path: Assets/Canvas/Buttons/MisionComplete-export.png
  artifactKey: Guid(d4bf1222d28eac9438bc273c6fbc556b) Importer(815301076,1909f56bfc062723c751e8b465ee728b)
Start importing Assets/Canvas/Buttons/MisionComplete-export.png using Guid(d4bf1222d28eac9438bc273c6fbc556b) Importer(815301076,1909f56bfc062723c751e8b465ee728b)  -> (artifact id: '8543e498bfa2752523fd9e828ea1d4a4') in 0.035491 seconds 
  Import took 0.042058 seconds .

========================================================================
Received Import Request.
  Time since last request: 0.000224 seconds.
  path: Assets/Canvas/Buttons/Mision-export.png
  artifactKey: Guid(89114bcd6ccd2f240996ef3365bf55b2) Importer(815301076,1909f56bfc062723c751e8b465ee728b)
Start importing Assets/Canvas/Buttons/Mision-export.png using Guid(89114bcd6ccd2f240996ef3365bf55b2) Importer(815301076,1909f56bfc062723c751e8b465ee728b)  -> (artifact id: '5619914b314f9c187f0692d6ffa88b41') in 0.029129 seconds 
  Import took 0.034633 seconds .

========================================================================
Received Import Request.
  Time since last request: 0.000344 seconds.
  path: Assets/Canvas/Buttons/plantilla_Menu.png
  artifactKey: Guid(e7a684771cbed7241bdf0fe49a97931f) Importer(815301076,1909f56bfc062723c751e8b465ee728b)
Start importing Assets/Canvas/Buttons/plantilla_Menu.png using Guid(e7a684771cbed7241bdf0fe49a97931f) Importer(815301076,1909f56bfc062723c751e8b465ee728b)  -> (artifact id: 'ad4728a4c9abb1e25ac374afe101b515') in 0.036401 seconds 
  Import took 0.040685 seconds .

========================================================================
Received Import Request.
  Time since last request: 0.000205 seconds.
  path: Assets/Canvas/Buttons/PowerUpLogo.png
  artifactKey: Guid(56dcf76de70abe54ea8eb2e31db8e808) Importer(815301076,1909f56bfc062723c751e8b465ee728b)
Start importing Assets/Canvas/Buttons/PowerUpLogo.png using Guid(56dcf76de70abe54ea8eb2e31db8e808) Importer(815301076,1909f56bfc062723c751e8b465ee728b)  -> (artifact id: '15aa0671b5a848c4fac2b015ba69c7f5') in 0.030874 seconds 
  Import took 0.037583 seconds .

========================================================================
Received Import Request.
  Time since last request: 0.000221 seconds.
  path: Assets/Canvas/Buttons/Menu_Borde.png
  artifactKey: Guid(45256933f379d5142b6ca7f1c7d904e1) Importer(815301076,1909f56bfc062723c751e8b465ee728b)
Start importing Assets/Canvas/Buttons/Menu_Borde.png using Guid(45256933f379d5142b6ca7f1c7d904e1) Importer(815301076,1909f56bfc062723c751e8b465ee728b)  -> (artifact id: 'b3b565e9ed5d285f3dbe08804121db0e') in 0.031325 seconds 
  Import took 0.038561 seconds .

========================================================================
Received Import Request.
  Time since last request: 0.000212 seconds.
  path: Assets/Canvas/Buttons/WarningMenu.png
  artifactKey: Guid(0e0303d3ea552384bbc2f24e4cb91e17) Importer(815301076,1909f56bfc062723c751e8b465ee728b)
Start importing Assets/Canvas/Buttons/WarningMenu.png using Guid(0e0303d3ea552384bbc2f24e4cb91e17) Importer(815301076,1909f56bfc062723c751e8b465ee728b)  -> (artifact id: '1670e9e4eac28c7f917e14b2d79e9724') in 0.029066 seconds 
  Import took 0.036002 seconds .

========================================================================
Received Import Request.
  Time since last request: 0.270124 seconds.
  path: Assets/Canvas/Buttons/googleplay.png
  artifactKey: Guid(de9c350593686684e90a4e316fce234b) Importer(815301076,1909f56bfc062723c751e8b465ee728b)
Start importing Assets/Canvas/Buttons/googleplay.png using Guid(de9c350593686684e90a4e316fce234b) Importer(815301076,1909f56bfc062723c751e8b465ee728b)  -> (artifact id: '411110316e36da6ae3fadf6c8fb7e5c8') in 0.047675 seconds 
  Import took 0.052818 seconds .

========================================================================
Received Import Request.
  Time since last request: 0.000217 seconds.
  path: Assets/Canvas/Buttons/ButtonTrophy.png
  artifactKey: Guid(9d985584dc8f7374daee61f4a9c2c904) Importer(815301076,1909f56bfc062723c751e8b465ee728b)
Start importing Assets/Canvas/Buttons/ButtonTrophy.png using Guid(9d985584dc8f7374daee61f4a9c2c904) Importer(815301076,1909f56bfc062723c751e8b465ee728b)  -> (artifact id: '681a451beddb9d714b841d369ecaefb0') in 0.026900 seconds 
  Import took 0.030954 seconds .

========================================================================
Received Import Request.
  Time since last request: 0.000228 seconds.
  path: Assets/Canvas/Buttons/espanol.png
  artifactKey: Guid(0b1dc3a2bd20b0d48b0b580a49fa63b7) Importer(815301076,1909f56bfc062723c751e8b465ee728b)
Start importing Assets/Canvas/Buttons/espanol.png using Guid(0b1dc3a2bd20b0d48b0b580a49fa63b7) Importer(815301076,1909f56bfc062723c751e8b465ee728b)  -> (artifact id: '12094076c44cf28f00fca1668721e4f6') in 0.031574 seconds 
  Import took 0.037950 seconds .

========================================================================
Received Import Request.
  Time since last request: 0.000204 seconds.
  path: Assets/Canvas/Buttons/english.png
  artifactKey: Guid(07e306bb762f0b440aa9e4e114d67c63) Importer(815301076,1909f56bfc062723c751e8b465ee728b)
Start importing Assets/Canvas/Buttons/english.png using Guid(07e306bb762f0b440aa9e4e114d67c63) Importer(815301076,1909f56bfc062723c751e8b465ee728b)  -> (artifact id: '91dc74b0c199494b4d72fd2f964ce4f7') in 0.038136 seconds 
  Import took 0.043279 seconds .

========================================================================
Received Import Request.
  Time since last request: 0.000203 seconds.
  path: Assets/Canvas/Buttons/FondoBlanco.png
  artifactKey: Guid(2353d98fd2e6a1c4daeb2a407b003dc5) Importer(815301076,1909f56bfc062723c751e8b465ee728b)
Start importing Assets/Canvas/Buttons/FondoBlanco.png using Guid(2353d98fd2e6a1c4daeb2a407b003dc5) Importer(815301076,1909f56bfc062723c751e8b465ee728b)  -> (artifact id: 'e43912cb288a2cf0e9395bc5720df8c2') in 0.028037 seconds 
  Import took 0.035814 seconds .

========================================================================
Received Import Request.
  Time since last request: 0.000198 seconds.
  path: Assets/Canvas/Buttons/Cartel.png
  artifactKey: Guid(10c81c41c3a3855408fea82e221d2706) Importer(815301076,1909f56bfc062723c751e8b465ee728b)
Start importing Assets/Canvas/Buttons/Cartel.png using Guid(10c81c41c3a3855408fea82e221d2706) Importer(815301076,1909f56bfc062723c751e8b465ee728b)  -> (artifact id: '74a3bcbe4c2685df97c89e248247ce4d') in 0.032244 seconds 
  Import took 0.041673 seconds .

========================================================================
Received Import Request.
  Time since last request: 0.000266 seconds.
  path: Assets/Canvas/Buttons/Menu Challenges-export-sheet-sheet2.png
  artifactKey: Guid(5dab2d7b61df7bf40badaf421fbe5e6c) Importer(815301076,1909f56bfc062723c751e8b465ee728b)
Start importing Assets/Canvas/Buttons/Menu Challenges-export-sheet-sheet2.png using Guid(5dab2d7b61df7bf40badaf421fbe5e6c) Importer(815301076,1909f56bfc062723c751e8b465ee728b)  -> (artifact id: '4e1ee450b8a5f447705548c584714574') in 0.027592 seconds 
  Import took 0.032468 seconds .

========================================================================
Received Prepare
Registering precompiled user dll's ...
Registered in 0.007071 seconds.
Begin MonoManager ReloadAssembly
Native extension for WindowsStandalone target not found
Refreshing native plugins compatible for Editor in 0.51 ms, found 2 plugins.
Preloading 0 native plugins for Editor in 0.00 ms.
Mono: successfully reloaded assembly
- Completed reload, in  1.976 seconds
Domain Reload Profiling:
	ReloadAssembly (1977ms)
		BeginReloadAssembly (556ms)
			ExecutionOrderSort (0ms)
			DisableScriptedObjects (10ms)
			BackupInstance (0ms)
			ReleaseScriptingObjects (0ms)
			CreateAndSetChildDomain (95ms)
		EndReloadAssembly (1319ms)
			LoadAssemblies (209ms)
			RebuildTransferFunctionScriptingTraits (0ms)
			SetupTypeCache (405ms)
			ReleaseScriptCaches (2ms)
			RebuildScriptCaches (62ms)
			SetupLoadedEditorAssemblies (571ms)
				LogAssemblyErrors (0ms)
				InitializePlatformSupportModulesInManaged (6ms)
				SetLoadedEditorAssemblies (1ms)
				RefreshPlugins (1ms)
				BeforeProcessingInitializeOnLoad (111ms)
				ProcessInitializeOnLoadAttributes (433ms)
				ProcessInitializeOnLoadMethodAttributes (12ms)
				AfterProcessingInitializeOnLoad (8ms)
				EditorAssembliesLoaded (1ms)
			ExecutionOrderSort2 (0ms)
			AwakeInstancesAfterBackupRestoration (9ms)
Platform modules already initialized, skipping
Refreshing native plugins compatible for Editor in 0.49 ms, found 2 plugins.
Preloading 0 native plugins for Editor in 0.00 ms.
Unloading 2006 Unused Serialized files (Serialized files now loaded: 0)
System memory in use before: 92.2 MB.
System memory in use after: 92.3 MB.

Unloading 16 unused Assets to reduce memory usage. Loaded Objects now: 2546.
Total: 3.315100 ms (FindLiveObjects: 0.178400 ms CreateObjectMapping: 0.090100 ms MarkObjects: 2.936400 ms  DeleteObjects: 0.109300 ms)

AssetImportParameters requested are different than current active one (requested -> active):
  custom:framework-win-MediaFoundation: 216162199b28c13a410421893ffa2e32 -> 
  custom:video-decoder-ogg-theora: a1e56fd34408186e4bbccfd4996cb3dc -> 
  custom:container-muxer-webm: aa71ff27fc2769a1b78a27578f13a17b -> 
  custom:container-demuxer-webm: 4f35f7cbe854078d1ac9338744f61a02 -> 
  custom:container-demuxer-ogg: 62fdf1f143b41e24485cea50d1cbac27 -> 
  custom:video-encoder-webm-vp8: eb34c28f22e8b96e1ab97ce403110664 -> 
  custom:video-decoder-webm-vp8: 9c59270c3fd7afecdb556c50c9e8de78 -> 
  custom:audio-decoder-ogg-vorbis: bf7c407c2cedff20999df2af8eb42d56 -> 
  custom:audio-encoder-webm-vorbis: bf7c407c2cedff20999df2af8eb42d56 -> 
========================================================================
Received Prepare
Registering precompiled user dll's ...
Registered in 0.043956 seconds.
Begin MonoManager ReloadAssembly
Native extension for WindowsStandalone target not found
Refreshing native plugins compatible for Editor in 0.51 ms, found 2 plugins.
Preloading 0 native plugins for Editor in 0.00 ms.
Mono: successfully reloaded assembly
- Completed reload, in  2.168 seconds
Domain Reload Profiling:
	ReloadAssembly (2169ms)
		BeginReloadAssembly (152ms)
			ExecutionOrderSort (0ms)
			DisableScriptedObjects (8ms)
			BackupInstance (0ms)
			ReleaseScriptingObjects (0ms)
			CreateAndSetChildDomain (40ms)
		EndReloadAssembly (1623ms)
			LoadAssemblies (124ms)
			RebuildTransferFunctionScriptingTraits (0ms)
			SetupTypeCache (592ms)
			ReleaseScriptCaches (1ms)
			RebuildScriptCaches (121ms)
			SetupLoadedEditorAssemblies (654ms)
				LogAssemblyErrors (0ms)
				InitializePlatformSupportModulesInManaged (22ms)
				SetLoadedEditorAssemblies (1ms)
				RefreshPlugins (1ms)
				BeforeProcessingInitializeOnLoad (125ms)
				ProcessInitializeOnLoadAttributes (485ms)
				ProcessInitializeOnLoadMethodAttributes (12ms)
				AfterProcessingInitializeOnLoad (8ms)
				EditorAssembliesLoaded (0ms)
			ExecutionOrderSort2 (0ms)
			AwakeInstancesAfterBackupRestoration (9ms)
Platform modules already initialized, skipping
Refreshing native plugins compatible for Editor in 0.49 ms, found 2 plugins.
Preloading 0 native plugins for Editor in 0.00 ms.
Unloading 2005 Unused Serialized files (Serialized files now loaded: 0)
System memory in use before: 92.2 MB.
System memory in use after: 92.3 MB.

Unloading 16 unused Assets to reduce memory usage. Loaded Objects now: 2548.
Total: 3.939200 ms (FindLiveObjects: 0.290800 ms CreateObjectMapping: 0.214200 ms MarkObjects: 3.295300 ms  DeleteObjects: 0.137700 ms)

AssetImportParameters requested are different than current active one (requested -> active):
  custom:framework-win-MediaFoundation: 216162199b28c13a410421893ffa2e32 -> 
  custom:video-decoder-ogg-theora: a1e56fd34408186e4bbccfd4996cb3dc -> 
  custom:container-muxer-webm: aa71ff27fc2769a1b78a27578f13a17b -> 
  custom:container-demuxer-webm: 4f35f7cbe854078d1ac9338744f61a02 -> 
  custom:container-demuxer-ogg: 62fdf1f143b41e24485cea50d1cbac27 -> 
  custom:video-encoder-webm-vp8: eb34c28f22e8b96e1ab97ce403110664 -> 
  custom:video-decoder-webm-vp8: 9c59270c3fd7afecdb556c50c9e8de78 -> 
  custom:audio-decoder-ogg-vorbis: bf7c407c2cedff20999df2af8eb42d56 -> 
  custom:audio-encoder-webm-vorbis: bf7c407c2cedff20999df2af8eb42d56 -> 
========================================================================
Received Prepare
Registering precompiled user dll's ...
Registered in 0.009536 seconds.
Begin MonoManager ReloadAssembly
Native extension for WindowsStandalone target not found
Refreshing native plugins compatible for Editor in 0.49 ms, found 2 plugins.
Preloading 0 native plugins for Editor in 0.00 ms.
Mono: successfully reloaded assembly
- Completed reload, in  1.697 seconds
Domain Reload Profiling:
	ReloadAssembly (1697ms)
		BeginReloadAssembly (404ms)
			ExecutionOrderSort (0ms)
			DisableScriptedObjects (12ms)
			BackupInstance (0ms)
			ReleaseScriptingObjects (0ms)
			CreateAndSetChildDomain (49ms)
		EndReloadAssembly (1190ms)
			LoadAssemblies (140ms)
			RebuildTransferFunctionScriptingTraits (0ms)
			SetupTypeCache (394ms)
			ReleaseScriptCaches (1ms)
			RebuildScriptCaches (79ms)
			SetupLoadedEditorAssemblies (453ms)
				LogAssemblyErrors (0ms)
				InitializePlatformSupportModulesInManaged (7ms)
				SetLoadedEditorAssemblies (1ms)
				RefreshPlugins (1ms)
				BeforeProcessingInitializeOnLoad (128ms)
				ProcessInitializeOnLoadAttributes (298ms)
				ProcessInitializeOnLoadMethodAttributes (12ms)
				AfterProcessingInitializeOnLoad (8ms)
				EditorAssembliesLoaded (0ms)
			ExecutionOrderSort2 (0ms)
			AwakeInstancesAfterBackupRestoration (9ms)
Platform modules already initialized, skipping
Refreshing native plugins compatible for Editor in 0.50 ms, found 2 plugins.
Preloading 0 native plugins for Editor in 0.00 ms.
Unloading 2005 Unused Serialized files (Serialized files now loaded: 0)
System memory in use before: 92.2 MB.
System memory in use after: 92.3 MB.

Unloading 16 unused Assets to reduce memory usage. Loaded Objects now: 2550.
Total: 3.847800 ms (FindLiveObjects: 0.232500 ms CreateObjectMapping: 0.160400 ms MarkObjects: 3.343500 ms  DeleteObjects: 0.110400 ms)

AssetImportParameters requested are different than current active one (requested -> active):
  custom:framework-win-MediaFoundation: 216162199b28c13a410421893ffa2e32 -> 
  custom:video-decoder-ogg-theora: a1e56fd34408186e4bbccfd4996cb3dc -> 
  custom:container-muxer-webm: aa71ff27fc2769a1b78a27578f13a17b -> 
  custom:container-demuxer-webm: 4f35f7cbe854078d1ac9338744f61a02 -> 
  custom:container-demuxer-ogg: 62fdf1f143b41e24485cea50d1cbac27 -> 
  custom:video-encoder-webm-vp8: eb34c28f22e8b96e1ab97ce403110664 -> 
  custom:video-decoder-webm-vp8: 9c59270c3fd7afecdb556c50c9e8de78 -> 
  custom:audio-decoder-ogg-vorbis: bf7c407c2cedff20999df2af8eb42d56 -> 
  custom:audio-encoder-webm-vorbis: bf7c407c2cedff20999df2af8eb42d56 -> 
========================================================================
Received Prepare
Registering precompiled user dll's ...
Registered in 0.006897 seconds.
Begin MonoManager ReloadAssembly
Native extension for WindowsStandalone target not found
Refreshing native plugins compatible for Editor in 0.47 ms, found 2 plugins.
Preloading 0 native plugins for Editor in 0.00 ms.
Mono: successfully reloaded assembly
- Completed reload, in  1.659 seconds
Domain Reload Profiling:
	ReloadAssembly (1659ms)
		BeginReloadAssembly (152ms)
			ExecutionOrderSort (0ms)
			DisableScriptedObjects (7ms)
			BackupInstance (0ms)
			ReleaseScriptingObjects (0ms)
			CreateAndSetChildDomain (41ms)
		EndReloadAssembly (1412ms)
			LoadAssemblies (145ms)
			RebuildTransferFunctionScriptingTraits (0ms)
			SetupTypeCache (502ms)
			ReleaseScriptCaches (1ms)
			RebuildScriptCaches (73ms)
			SetupLoadedEditorAssemblies (551ms)
				LogAssemblyErrors (0ms)
				InitializePlatformSupportModulesInManaged (6ms)
				SetLoadedEditorAssemblies (1ms)
				RefreshPlugins (1ms)
				BeforeProcessingInitializeOnLoad (143ms)
				ProcessInitializeOnLoadAttributes (376ms)
				ProcessInitializeOnLoadMethodAttributes (14ms)
				AfterProcessingInitializeOnLoad (9ms)
				EditorAssembliesLoaded (1ms)
			ExecutionOrderSort2 (0ms)
			AwakeInstancesAfterBackupRestoration (8ms)
Platform modules already initialized, skipping
Refreshing native plugins compatible for Editor in 0.51 ms, found 2 plugins.
Preloading 0 native plugins for Editor in 0.00 ms.
Unloading 2005 Unused Serialized files (Serialized files now loaded: 0)
System memory in use before: 92.2 MB.
System memory in use after: 92.3 MB.

Unloading 16 unused Assets to reduce memory usage. Loaded Objects now: 2552.
Total: 3.671600 ms (FindLiveObjects: 0.229800 ms CreateObjectMapping: 0.185200 ms MarkObjects: 3.149800 ms  DeleteObjects: 0.105600 ms)

AssetImportParameters requested are different than current active one (requested -> active):
  custom:framework-win-MediaFoundation: 216162199b28c13a410421893ffa2e32 -> 
  custom:video-decoder-ogg-theora: a1e56fd34408186e4bbccfd4996cb3dc -> 
  custom:container-muxer-webm: aa71ff27fc2769a1b78a27578f13a17b -> 
  custom:container-demuxer-webm: 4f35f7cbe854078d1ac9338744f61a02 -> 
  custom:container-demuxer-ogg: 62fdf1f143b41e24485cea50d1cbac27 -> 
  custom:video-encoder-webm-vp8: eb34c28f22e8b96e1ab97ce403110664 -> 
  custom:video-decoder-webm-vp8: 9c59270c3fd7afecdb556c50c9e8de78 -> 
  custom:audio-decoder-ogg-vorbis: bf7c407c2cedff20999df2af8eb42d56 -> 
  custom:audio-encoder-webm-vorbis: bf7c407c2cedff20999df2af8eb42d56 -> 
========================================================================
Received Prepare
Registering precompiled user dll's ...
Registered in 0.005153 seconds.
Begin MonoManager ReloadAssembly
Native extension for WindowsStandalone target not found
Refreshing native plugins compatible for Editor in 0.48 ms, found 2 plugins.
Preloading 0 native plugins for Editor in 0.00 ms.
Mono: successfully reloaded assembly
- Completed reload, in  1.458 seconds
Domain Reload Profiling:
	ReloadAssembly (1459ms)
		BeginReloadAssembly (154ms)
			ExecutionOrderSort (0ms)
			DisableScriptedObjects (7ms)
			BackupInstance (0ms)
			ReleaseScriptingObjects (0ms)
			CreateAndSetChildDomain (45ms)
		EndReloadAssembly (1229ms)
			LoadAssemblies (116ms)
			RebuildTransferFunctionScriptingTraits (0ms)
			SetupTypeCache (426ms)
			ReleaseScriptCaches (1ms)
			RebuildScriptCaches (79ms)
			SetupLoadedEditorAssemblies (471ms)
				LogAssemblyErrors (0ms)
				InitializePlatformSupportModulesInManaged (6ms)
				SetLoadedEditorAssemblies (1ms)
				RefreshPlugins (1ms)
				BeforeProcessingInitializeOnLoad (118ms)
				ProcessInitializeOnLoadAttributes (325ms)
				ProcessInitializeOnLoadMethodAttributes (13ms)
				AfterProcessingInitializeOnLoad (8ms)
				EditorAssembliesLoaded (0ms)
			ExecutionOrderSort2 (0ms)
			AwakeInstancesAfterBackupRestoration (9ms)
Platform modules already initialized, skipping
Refreshing native plugins compatible for Editor in 0.57 ms, found 2 plugins.
Preloading 0 native plugins for Editor in 0.00 ms.
Unloading 2005 Unused Serialized files (Serialized files now loaded: 0)
System memory in use before: 92.2 MB.
System memory in use after: 92.2 MB.

Unloading 16 unused Assets to reduce memory usage. Loaded Objects now: 2554.
Total: 4.830700 ms (FindLiveObjects: 0.230700 ms CreateObjectMapping: 0.160200 ms MarkObjects: 4.319900 ms  DeleteObjects: 0.118600 ms)

AssetImportParameters requested are different than current active one (requested -> active):
  custom:framework-win-MediaFoundation: 216162199b28c13a410421893ffa2e32 -> 
  custom:video-decoder-ogg-theora: a1e56fd34408186e4bbccfd4996cb3dc -> 
  custom:container-muxer-webm: aa71ff27fc2769a1b78a27578f13a17b -> 
  custom:container-demuxer-webm: 4f35f7cbe854078d1ac9338744f61a02 -> 
  custom:container-demuxer-ogg: 62fdf1f143b41e24485cea50d1cbac27 -> 
  custom:video-encoder-webm-vp8: eb34c28f22e8b96e1ab97ce403110664 -> 
  custom:video-decoder-webm-vp8: 9c59270c3fd7afecdb556c50c9e8de78 -> 
  custom:audio-decoder-ogg-vorbis: bf7c407c2cedff20999df2af8eb42d56 -> 
  custom:audio-encoder-webm-vorbis: bf7c407c2cedff20999df2af8eb42d56 -> 
========================================================================
Received Prepare
Registering precompiled user dll's ...
Registered in 0.006594 seconds.
Begin MonoManager ReloadAssembly
Native extension for WindowsStandalone target not found
Refreshing native plugins compatible for Editor in 0.47 ms, found 2 plugins.
Preloading 0 native plugins for Editor in 0.00 ms.
Mono: successfully reloaded assembly
- Completed reload, in  1.670 seconds
Domain Reload Profiling:
	ReloadAssembly (1670ms)
		BeginReloadAssembly (182ms)
			ExecutionOrderSort (0ms)
			DisableScriptedObjects (10ms)
			BackupInstance (0ms)
			ReleaseScriptingObjects (0ms)
			CreateAndSetChildDomain (46ms)
		EndReloadAssembly (1294ms)
			LoadAssemblies (123ms)
			RebuildTransferFunctionScriptingTraits (0ms)
			SetupTypeCache (383ms)
			ReleaseScriptCaches (1ms)
			RebuildScriptCaches (60ms)
			SetupLoadedEditorAssemblies (618ms)
				LogAssemblyErrors (0ms)
				InitializePlatformSupportModulesInManaged (6ms)
				SetLoadedEditorAssemblies (1ms)
				RefreshPlugins (1ms)
				BeforeProcessingInitializeOnLoad (115ms)
				ProcessInitializeOnLoadAttributes (475ms)
				ProcessInitializeOnLoadMethodAttributes (12ms)
				AfterProcessingInitializeOnLoad (8ms)
				EditorAssembliesLoaded (0ms)
			ExecutionOrderSort2 (0ms)
			AwakeInstancesAfterBackupRestoration (11ms)
Platform modules already initialized, skipping
Refreshing native plugins compatible for Editor in 0.48 ms, found 2 plugins.
Preloading 0 native plugins for Editor in 0.00 ms.
Unloading 2005 Unused Serialized files (Serialized files now loaded: 0)
System memory in use before: 92.2 MB.
System memory in use after: 92.3 MB.

Unloading 16 unused Assets to reduce memory usage. Loaded Objects now: 2556.
Total: 3.316000 ms (FindLiveObjects: 0.194000 ms CreateObjectMapping: 0.092000 ms MarkObjects: 2.929800 ms  DeleteObjects: 0.099000 ms)

AssetImportParameters requested are different than current active one (requested -> active):
  custom:framework-win-MediaFoundation: 216162199b28c13a410421893ffa2e32 -> 
  custom:video-decoder-ogg-theora: a1e56fd34408186e4bbccfd4996cb3dc -> 
  custom:container-muxer-webm: aa71ff27fc2769a1b78a27578f13a17b -> 
  custom:container-demuxer-webm: 4f35f7cbe854078d1ac9338744f61a02 -> 
  custom:container-demuxer-ogg: 62fdf1f143b41e24485cea50d1cbac27 -> 
  custom:video-encoder-webm-vp8: eb34c28f22e8b96e1ab97ce403110664 -> 
  custom:video-decoder-webm-vp8: 9c59270c3fd7afecdb556c50c9e8de78 -> 
  custom:audio-decoder-ogg-vorbis: bf7c407c2cedff20999df2af8eb42d56 -> 
  custom:audio-encoder-webm-vorbis: bf7c407c2cedff20999df2af8eb42d56 -> 
========================================================================
Received Prepare
Registering precompiled user dll's ...
Registered in 0.007397 seconds.
Begin MonoManager ReloadAssembly
Native extension for WindowsStandalone target not found
Refreshing native plugins compatible for Editor in 0.50 ms, found 2 plugins.
Preloading 0 native plugins for Editor in 0.00 ms.
Mono: successfully reloaded assembly
- Completed reload, in  2.109 seconds
Domain Reload Profiling:
	ReloadAssembly (2110ms)
		BeginReloadAssembly (203ms)
			ExecutionOrderSort (0ms)
			DisableScriptedObjects (6ms)
			BackupInstance (0ms)
			ReleaseScriptingObjects (0ms)
			CreateAndSetChildDomain (65ms)
		EndReloadAssembly (1817ms)
			LoadAssemblies (341ms)
			RebuildTransferFunctionScriptingTraits (0ms)
			SetupTypeCache (434ms)
			ReleaseScriptCaches (1ms)
			RebuildScriptCaches (62ms)
			SetupLoadedEditorAssemblies (806ms)
				LogAssemblyErrors (0ms)
				InitializePlatformSupportModulesInManaged (6ms)
				SetLoadedEditorAssemblies (1ms)
				RefreshPlugins (1ms)
				BeforeProcessingInitializeOnLoad (119ms)
				ProcessInitializeOnLoadAttributes (637ms)
				ProcessInitializeOnLoadMethodAttributes (30ms)
				AfterProcessingInitializeOnLoad (12ms)
				EditorAssembliesLoaded (1ms)
			ExecutionOrderSort2 (0ms)
			AwakeInstancesAfterBackupRestoration (12ms)
Platform modules already initialized, skipping
Refreshing native plugins compatible for Editor in 0.53 ms, found 2 plugins.
Preloading 0 native plugins for Editor in 0.00 ms.
Unloading 2005 Unused Serialized files (Serialized files now loaded: 0)
System memory in use before: 92.3 MB.
System memory in use after: 92.3 MB.

Unloading 16 unused Assets to reduce memory usage. Loaded Objects now: 2558.
Total: 3.388200 ms (FindLiveObjects: 0.185700 ms CreateObjectMapping: 0.091100 ms MarkObjects: 2.988400 ms  DeleteObjects: 0.121400 ms)

AssetImportParameters requested are different than current active one (requested -> active):
  custom:framework-win-MediaFoundation: 216162199b28c13a410421893ffa2e32 -> 
  custom:video-decoder-ogg-theora: a1e56fd34408186e4bbccfd4996cb3dc -> 
  custom:container-muxer-webm: aa71ff27fc2769a1b78a27578f13a17b -> 
  custom:container-demuxer-webm: 4f35f7cbe854078d1ac9338744f61a02 -> 
  custom:container-demuxer-ogg: 62fdf1f143b41e24485cea50d1cbac27 -> 
  custom:video-encoder-webm-vp8: eb34c28f22e8b96e1ab97ce403110664 -> 
  custom:video-decoder-webm-vp8: 9c59270c3fd7afecdb556c50c9e8de78 -> 
  custom:audio-decoder-ogg-vorbis: bf7c407c2cedff20999df2af8eb42d56 -> 
  custom:audio-encoder-webm-vorbis: bf7c407c2cedff20999df2af8eb42d56 -> 
========================================================================
Received Prepare
Registering precompiled user dll's ...
Registered in 0.005816 seconds.
Begin MonoManager ReloadAssembly
Native extension for WindowsStandalone target not found
Refreshing native plugins compatible for Editor in 0.53 ms, found 2 plugins.
Preloading 0 native plugins for Editor in 0.00 ms.
Mono: successfully reloaded assembly
- Completed reload, in  1.824 seconds
Domain Reload Profiling:
	ReloadAssembly (1825ms)
		BeginReloadAssembly (266ms)
			ExecutionOrderSort (0ms)
			DisableScriptedObjects (6ms)
			BackupInstance (0ms)
			ReleaseScriptingObjects (0ms)
			CreateAndSetChildDomain (122ms)
		EndReloadAssembly (1471ms)
			LoadAssemblies (143ms)
			RebuildTransferFunctionScriptingTraits (0ms)
			SetupTypeCache (375ms)
			ReleaseScriptCaches (1ms)
			RebuildScriptCaches (70ms)
			SetupLoadedEditorAssemblies (758ms)
				LogAssemblyErrors (0ms)
				InitializePlatformSupportModulesInManaged (6ms)
				SetLoadedEditorAssemblies (1ms)
				RefreshPlugins (1ms)
				BeforeProcessingInitializeOnLoad (112ms)
				ProcessInitializeOnLoadAttributes (619ms)
				ProcessInitializeOnLoadMethodAttributes (12ms)
				AfterProcessingInitializeOnLoad (8ms)
				EditorAssembliesLoaded (0ms)
			ExecutionOrderSort2 (0ms)
			AwakeInstancesAfterBackupRestoration (11ms)
Platform modules already initialized, skipping
Refreshing native plugins compatible for Editor in 0.51 ms, found 2 plugins.
Preloading 0 native plugins for Editor in 0.00 ms.
Unloading 2005 Unused Serialized files (Serialized files now loaded: 0)
System memory in use before: 92.3 MB.
System memory in use after: 92.3 MB.

Unloading 16 unused Assets to reduce memory usage. Loaded Objects now: 2560.
Total: 4.332800 ms (FindLiveObjects: 0.535100 ms CreateObjectMapping: 0.206300 ms MarkObjects: 3.454900 ms  DeleteObjects: 0.135300 ms)

AssetImportParameters requested are different than current active one (requested -> active):
  custom:framework-win-MediaFoundation: 216162199b28c13a410421893ffa2e32 -> 
  custom:video-decoder-ogg-theora: a1e56fd34408186e4bbccfd4996cb3dc -> 
  custom:container-muxer-webm: aa71ff27fc2769a1b78a27578f13a17b -> 
  custom:container-demuxer-webm: 4f35f7cbe854078d1ac9338744f61a02 -> 
  custom:container-demuxer-ogg: 62fdf1f143b41e24485cea50d1cbac27 -> 
  custom:video-encoder-webm-vp8: eb34c28f22e8b96e1ab97ce403110664 -> 
  custom:video-decoder-webm-vp8: 9c59270c3fd7afecdb556c50c9e8de78 -> 
  custom:audio-decoder-ogg-vorbis: bf7c407c2cedff20999df2af8eb42d56 -> 
  custom:audio-encoder-webm-vorbis: bf7c407c2cedff20999df2af8eb42d56 -> 
========================================================================
Received Prepare
Registering precompiled user dll's ...
Registered in 0.005052 seconds.
Begin MonoManager ReloadAssembly
Native extension for WindowsStandalone target not found
Refreshing native plugins compatible for Editor in 0.64 ms, found 2 plugins.
Preloading 0 native plugins for Editor in 0.00 ms.
Mono: successfully reloaded assembly
- Completed reload, in  1.597 seconds
Domain Reload Profiling:
	ReloadAssembly (1598ms)
		BeginReloadAssembly (216ms)
			ExecutionOrderSort (0ms)
			DisableScriptedObjects (10ms)
			BackupInstance (0ms)
			ReleaseScriptingObjects (0ms)
			CreateAndSetChildDomain (66ms)
		EndReloadAssembly (1271ms)
			LoadAssemblies (156ms)
			RebuildTransferFunctionScriptingTraits (0ms)
			SetupTypeCache (392ms)
			ReleaseScriptCaches (4ms)
			RebuildScriptCaches (90ms)
			SetupLoadedEditorAssemblies (506ms)
				LogAssemblyErrors (0ms)
				InitializePlatformSupportModulesInManaged (6ms)
				SetLoadedEditorAssemblies (1ms)
				RefreshPlugins (1ms)
				BeforeProcessingInitializeOnLoad (133ms)
				ProcessInitializeOnLoadAttributes (343ms)
				ProcessInitializeOnLoadMethodAttributes (12ms)
				AfterProcessingInitializeOnLoad (8ms)
				EditorAssembliesLoaded (1ms)
			ExecutionOrderSort2 (0ms)
			AwakeInstancesAfterBackupRestoration (9ms)
Platform modules already initialized, skipping
Refreshing native plugins compatible for Editor in 0.50 ms, found 2 plugins.
Preloading 0 native plugins for Editor in 0.00 ms.
Unloading 2005 Unused Serialized files (Serialized files now loaded: 0)
System memory in use before: 92.3 MB.
System memory in use after: 92.3 MB.

Unloading 16 unused Assets to reduce memory usage. Loaded Objects now: 2562.
Total: 3.674300 ms (FindLiveObjects: 0.246100 ms CreateObjectMapping: 0.185300 ms MarkObjects: 3.134900 ms  DeleteObjects: 0.107000 ms)

AssetImportParameters requested are different than current active one (requested -> active):
  custom:framework-win-MediaFoundation: 216162199b28c13a410421893ffa2e32 -> 
  custom:video-decoder-ogg-theora: a1e56fd34408186e4bbccfd4996cb3dc -> 
  custom:container-muxer-webm: aa71ff27fc2769a1b78a27578f13a17b -> 
  custom:container-demuxer-webm: 4f35f7cbe854078d1ac9338744f61a02 -> 
  custom:container-demuxer-ogg: 62fdf1f143b41e24485cea50d1cbac27 -> 
  custom:video-encoder-webm-vp8: eb34c28f22e8b96e1ab97ce403110664 -> 
  custom:video-decoder-webm-vp8: 9c59270c3fd7afecdb556c50c9e8de78 -> 
  custom:audio-decoder-ogg-vorbis: bf7c407c2cedff20999df2af8eb42d56 -> 
  custom:audio-encoder-webm-vorbis: bf7c407c2cedff20999df2af8eb42d56 -> 
========================================================================
Received Prepare
Registering precompiled user dll's ...
Registered in 0.007922 seconds.
Begin MonoManager ReloadAssembly
Native extension for WindowsStandalone target not found
Refreshing native plugins compatible for Editor in 0.55 ms, found 2 plugins.
Preloading 0 native plugins for Editor in 0.00 ms.
Mono: successfully reloaded assembly
- Completed reload, in  1.973 seconds
Domain Reload Profiling:
	ReloadAssembly (1973ms)
		BeginReloadAssembly (153ms)
			ExecutionOrderSort (0ms)
			DisableScriptedObjects (7ms)
			BackupInstance (0ms)
			ReleaseScriptingObjects (0ms)
			CreateAndSetChildDomain (40ms)
		EndReloadAssembly (1734ms)
			LoadAssemblies (109ms)
			RebuildTransferFunctionScriptingTraits (0ms)
			SetupTypeCache (801ms)
			ReleaseScriptCaches (1ms)
			RebuildScriptCaches (67ms)
			SetupLoadedEditorAssemblies (593ms)
				LogAssemblyErrors (0ms)
				InitializePlatformSupportModulesInManaged (9ms)
				SetLoadedEditorAssemblies (1ms)
				RefreshPlugins (1ms)
				BeforeProcessingInitializeOnLoad (216ms)
				ProcessInitializeOnLoadAttributes (337ms)
				ProcessInitializeOnLoadMethodAttributes (16ms)
				AfterProcessingInitializeOnLoad (13ms)
				EditorAssembliesLoaded (1ms)
			ExecutionOrderSort2 (0ms)
			AwakeInstancesAfterBackupRestoration (16ms)
Platform modules already initialized, skipping
Refreshing native plugins compatible for Editor in 0.67 ms, found 2 plugins.
Preloading 0 native plugins for Editor in 0.00 ms.
Unloading 2005 Unused Serialized files (Serialized files now loaded: 0)
System memory in use before: 92.2 MB.
System memory in use after: 92.2 MB.

Unloading 16 unused Assets to reduce memory usage. Loaded Objects now: 2564.
Total: 5.519000 ms (FindLiveObjects: 0.236100 ms CreateObjectMapping: 0.166700 ms MarkObjects: 4.997900 ms  DeleteObjects: 0.117300 ms)

AssetImportParameters requested are different than current active one (requested -> active):
  custom:framework-win-MediaFoundation: 216162199b28c13a410421893ffa2e32 -> 
  custom:video-decoder-ogg-theora: a1e56fd34408186e4bbccfd4996cb3dc -> 
  custom:container-muxer-webm: aa71ff27fc2769a1b78a27578f13a17b -> 
  custom:container-demuxer-webm: 4f35f7cbe854078d1ac9338744f61a02 -> 
  custom:container-demuxer-ogg: 62fdf1f143b41e24485cea50d1cbac27 -> 
  custom:video-encoder-webm-vp8: eb34c28f22e8b96e1ab97ce403110664 -> 
  custom:video-decoder-webm-vp8: 9c59270c3fd7afecdb556c50c9e8de78 -> 
  custom:audio-decoder-ogg-vorbis: bf7c407c2cedff20999df2af8eb42d56 -> 
  custom:audio-encoder-webm-vorbis: bf7c407c2cedff20999df2af8eb42d56 -> 
========================================================================
Received Prepare
Registering precompiled user dll's ...
Registered in 0.006924 seconds.
Begin MonoManager ReloadAssembly
Native extension for WindowsStandalone target not found
Refreshing native plugins compatible for Editor in 2.49 ms, found 2 plugins.
Preloading 0 native plugins for Editor in 0.00 ms.
Mono: successfully reloaded assembly
- Completed reload, in  1.617 seconds
Domain Reload Profiling:
	ReloadAssembly (1618ms)
		BeginReloadAssembly (148ms)
			ExecutionOrderSort (0ms)
			DisableScriptedObjects (6ms)
			BackupInstance (0ms)
			ReleaseScriptingObjects (0ms)
			CreateAndSetChildDomain (38ms)
		EndReloadAssembly (1241ms)
			LoadAssemblies (117ms)
			RebuildTransferFunctionScriptingTraits (0ms)
			SetupTypeCache (398ms)
			ReleaseScriptCaches (2ms)
			RebuildScriptCaches (62ms)
			SetupLoadedEditorAssemblies (505ms)
				LogAssemblyErrors (0ms)
				InitializePlatformSupportModulesInManaged (24ms)
				SetLoadedEditorAssemblies (2ms)
				RefreshPlugins (3ms)
				BeforeProcessingInitializeOnLoad (170ms)
				ProcessInitializeOnLoadAttributes (284ms)
				ProcessInitializeOnLoadMethodAttributes (12ms)
				AfterProcessingInitializeOnLoad (9ms)
				EditorAssembliesLoaded (0ms)
			ExecutionOrderSort2 (0ms)
			AwakeInstancesAfterBackupRestoration (9ms)
Platform modules already initialized, skipping
Refreshing native plugins compatible for Editor in 0.69 ms, found 2 plugins.
Preloading 0 native plugins for Editor in 0.00 ms.
Unloading 2005 Unused Serialized files (Serialized files now loaded: 0)
System memory in use before: 92.3 MB.
System memory in use after: 92.3 MB.

Unloading 16 unused Assets to reduce memory usage. Loaded Objects now: 2566.
Total: 5.434200 ms (FindLiveObjects: 0.272300 ms CreateObjectMapping: 0.103700 ms MarkObjects: 4.920100 ms  DeleteObjects: 0.136900 ms)

AssetImportParameters requested are different than current active one (requested -> active):
  custom:framework-win-MediaFoundation: 216162199b28c13a410421893ffa2e32 -> 
  custom:video-decoder-ogg-theora: a1e56fd34408186e4bbccfd4996cb3dc -> 
  custom:container-muxer-webm: aa71ff27fc2769a1b78a27578f13a17b -> 
  custom:container-demuxer-webm: 4f35f7cbe854078d1ac9338744f61a02 -> 
  custom:container-demuxer-ogg: 62fdf1f143b41e24485cea50d1cbac27 -> 
  custom:video-encoder-webm-vp8: eb34c28f22e8b96e1ab97ce403110664 -> 
  custom:video-decoder-webm-vp8: 9c59270c3fd7afecdb556c50c9e8de78 -> 
  custom:audio-decoder-ogg-vorbis: bf7c407c2cedff20999df2af8eb42d56 -> 
  custom:audio-encoder-webm-vorbis: bf7c407c2cedff20999df2af8eb42d56 -> 
========================================================================
Received Prepare
Registering precompiled user dll's ...
Registered in 0.008090 seconds.
Begin MonoManager ReloadAssembly
Native extension for WindowsStandalone target not found
Refreshing native plugins compatible for Editor in 0.54 ms, found 2 plugins.
Preloading 0 native plugins for Editor in 0.00 ms.
Mono: successfully reloaded assembly
- Completed reload, in  1.983 seconds
Domain Reload Profiling:
	ReloadAssembly (1984ms)
		BeginReloadAssembly (202ms)
			ExecutionOrderSort (0ms)
			DisableScriptedObjects (6ms)
			BackupInstance (0ms)
			ReleaseScriptingObjects (0ms)
			CreateAndSetChildDomain (59ms)
		EndReloadAssembly (1685ms)
			LoadAssemblies (340ms)
			RebuildTransferFunctionScriptingTraits (0ms)
			SetupTypeCache (593ms)
			ReleaseScriptCaches (2ms)
			RebuildScriptCaches (83ms)
			SetupLoadedEditorAssemblies (508ms)
				LogAssemblyErrors (0ms)
				InitializePlatformSupportModulesInManaged (9ms)
				SetLoadedEditorAssemblies (1ms)
				RefreshPlugins (1ms)
				BeforeProcessingInitializeOnLoad (140ms)
				ProcessInitializeOnLoadAttributes (336ms)
				ProcessInitializeOnLoadMethodAttributes (13ms)
				AfterProcessingInitializeOnLoad (8ms)
				EditorAssembliesLoaded (0ms)
			ExecutionOrderSort2 (0ms)
			AwakeInstancesAfterBackupRestoration (9ms)
Platform modules already initialized, skipping
Refreshing native plugins compatible for Editor in 0.65 ms, found 2 plugins.
Preloading 0 native plugins for Editor in 0.00 ms.
Unloading 2005 Unused Serialized files (Serialized files now loaded: 0)
System memory in use before: 92.3 MB.
System memory in use after: 92.4 MB.

Unloading 16 unused Assets to reduce memory usage. Loaded Objects now: 2568.
Total: 4.306800 ms (FindLiveObjects: 0.271900 ms CreateObjectMapping: 0.154900 ms MarkObjects: 3.723200 ms  DeleteObjects: 0.155600 ms)

AssetImportParameters requested are different than current active one (requested -> active):
  custom:framework-win-MediaFoundation: 216162199b28c13a410421893ffa2e32 -> 
  custom:video-decoder-ogg-theora: a1e56fd34408186e4bbccfd4996cb3dc -> 
  custom:container-muxer-webm: aa71ff27fc2769a1b78a27578f13a17b -> 
  custom:container-demuxer-webm: 4f35f7cbe854078d1ac9338744f61a02 -> 
  custom:container-demuxer-ogg: 62fdf1f143b41e24485cea50d1cbac27 -> 
  custom:video-encoder-webm-vp8: eb34c28f22e8b96e1ab97ce403110664 -> 
  custom:video-decoder-webm-vp8: 9c59270c3fd7afecdb556c50c9e8de78 -> 
  custom:audio-decoder-ogg-vorbis: bf7c407c2cedff20999df2af8eb42d56 -> 
  custom:audio-encoder-webm-vorbis: bf7c407c2cedff20999df2af8eb42d56 -> 
========================================================================
Received Prepare
Registering precompiled user dll's ...
Registered in 0.005382 seconds.
Begin MonoManager ReloadAssembly
Native extension for WindowsStandalone target not found
Refreshing native plugins compatible for Editor in 0.61 ms, found 2 plugins.
Preloading 0 native plugins for Editor in 0.00 ms.
Mono: successfully reloaded assembly
- Completed reload, in  1.756 seconds
Domain Reload Profiling:
	ReloadAssembly (1757ms)
		BeginReloadAssembly (242ms)
			ExecutionOrderSort (0ms)
			DisableScriptedObjects (6ms)
			BackupInstance (0ms)
			ReleaseScriptingObjects (0ms)
			CreateAndSetChildDomain (47ms)
		EndReloadAssembly (1430ms)
			LoadAssemblies (200ms)
			RebuildTransferFunctionScriptingTraits (0ms)
			SetupTypeCache (398ms)
			ReleaseScriptCaches (2ms)
			RebuildScriptCaches (70ms)
			SetupLoadedEditorAssemblies (725ms)
				LogAssemblyErrors (0ms)
				InitializePlatformSupportModulesInManaged (7ms)
				SetLoadedEditorAssemblies (1ms)
				RefreshPlugins (1ms)
				BeforeProcessingInitializeOnLoad (122ms)
				ProcessInitializeOnLoadAttributes (568ms)
				ProcessInitializeOnLoadMethodAttributes (16ms)
				AfterProcessingInitializeOnLoad (9ms)
				EditorAssembliesLoaded (1ms)
			ExecutionOrderSort2 (0ms)
			AwakeInstancesAfterBackupRestoration (10ms)
Platform modules already initialized, skipping
Refreshing native plugins compatible for Editor in 0.88 ms, found 2 plugins.
Preloading 0 native plugins for Editor in 0.00 ms.
Unloading 2005 Unused Serialized files (Serialized files now loaded: 0)
System memory in use before: 92.3 MB.
System memory in use after: 92.4 MB.

Unloading 16 unused Assets to reduce memory usage. Loaded Objects now: 2570.
Total: 3.908400 ms (FindLiveObjects: 0.565900 ms CreateObjectMapping: 0.175300 ms MarkObjects: 3.050800 ms  DeleteObjects: 0.115300 ms)

AssetImportParameters requested are different than current active one (requested -> active):
  custom:framework-win-MediaFoundation: 216162199b28c13a410421893ffa2e32 -> 
  custom:video-decoder-ogg-theora: a1e56fd34408186e4bbccfd4996cb3dc -> 
  custom:container-muxer-webm: aa71ff27fc2769a1b78a27578f13a17b -> 
  custom:container-demuxer-webm: 4f35f7cbe854078d1ac9338744f61a02 -> 
  custom:container-demuxer-ogg: 62fdf1f143b41e24485cea50d1cbac27 -> 
  custom:video-encoder-webm-vp8: eb34c28f22e8b96e1ab97ce403110664 -> 
  custom:video-decoder-webm-vp8: 9c59270c3fd7afecdb556c50c9e8de78 -> 
  custom:audio-decoder-ogg-vorbis: bf7c407c2cedff20999df2af8eb42d56 -> 
  custom:audio-encoder-webm-vorbis: bf7c407c2cedff20999df2af8eb42d56 -> 
========================================================================
Received Prepare
Registering precompiled user dll's ...
Registered in 0.005426 seconds.
Begin MonoManager ReloadAssembly
Native extension for WindowsStandalone target not found
Refreshing native plugins compatible for Editor in 0.69 ms, found 2 plugins.
Preloading 0 native plugins for Editor in 0.00 ms.
Mono: successfully reloaded assembly
- Completed reload, in  1.395 seconds
Domain Reload Profiling:
	ReloadAssembly (1395ms)
		BeginReloadAssembly (144ms)
			ExecutionOrderSort (0ms)
			DisableScriptedObjects (6ms)
			BackupInstance (0ms)
			ReleaseScriptingObjects (0ms)
			CreateAndSetChildDomain (36ms)
		EndReloadAssembly (1164ms)
			LoadAssemblies (131ms)
			RebuildTransferFunctionScriptingTraits (0ms)
			SetupTypeCache (375ms)
			ReleaseScriptCaches (1ms)
			RebuildScriptCaches (67ms)
			SetupLoadedEditorAssemblies (450ms)
				LogAssemblyErrors (0ms)
				InitializePlatformSupportModulesInManaged (8ms)
				SetLoadedEditorAssemblies (1ms)
				RefreshPlugins (1ms)
				BeforeProcessingInitializeOnLoad (132ms)
				ProcessInitializeOnLoadAttributes (289ms)
				ProcessInitializeOnLoadMethodAttributes (11ms)
				AfterProcessingInitializeOnLoad (8ms)
				EditorAssembliesLoaded (0ms)
			ExecutionOrderSort2 (0ms)
			AwakeInstancesAfterBackupRestoration (10ms)
Platform modules already initialized, skipping
Refreshing native plugins compatible for Editor in 0.48 ms, found 2 plugins.
Preloading 0 native plugins for Editor in 0.00 ms.
Unloading 2005 Unused Serialized files (Serialized files now loaded: 0)
System memory in use before: 92.3 MB.
System memory in use after: 92.4 MB.

Unloading 16 unused Assets to reduce memory usage. Loaded Objects now: 2572.
Total: 3.404000 ms (FindLiveObjects: 0.182000 ms CreateObjectMapping: 0.090000 ms MarkObjects: 3.022500 ms  DeleteObjects: 0.108400 ms)

AssetImportParameters requested are different than current active one (requested -> active):
  custom:framework-win-MediaFoundation: 216162199b28c13a410421893ffa2e32 -> 
  custom:video-decoder-ogg-theora: a1e56fd34408186e4bbccfd4996cb3dc -> 
  custom:container-muxer-webm: aa71ff27fc2769a1b78a27578f13a17b -> 
  custom:container-demuxer-webm: 4f35f7cbe854078d1ac9338744f61a02 -> 
  custom:container-demuxer-ogg: 62fdf1f143b41e24485cea50d1cbac27 -> 
  custom:video-encoder-webm-vp8: eb34c28f22e8b96e1ab97ce403110664 -> 
  custom:video-decoder-webm-vp8: 9c59270c3fd7afecdb556c50c9e8de78 -> 
  custom:audio-decoder-ogg-vorbis: bf7c407c2cedff20999df2af8eb42d56 -> 
  custom:audio-encoder-webm-vorbis: bf7c407c2cedff20999df2af8eb42d56 -> 
AssetImportWorkerClient::OnTransportError - code=2 error=End of file
